<?xml version="1.0" encoding="UTF-8"?>
<!-- Generated by org.testng.reporters.JUnitXMLReporter -->
<testsuite ignored="0" hostname="LAPTOP-LTJ0E81S" failures="0" tests="3" name="Default test" time="0.047" errors="0" timestamp="2022-05-06T20:09:25 IST">
  <testcase classname="com.sgtesting.products.products" name="createProduct" time="0.005"/>
  <testcase classname="com.sgtesting.products.products" name="deleteProduct" time="0.001"/>
  <testcase classname="com.sgtesting.products.products" name="modifyProduct" time="0.002"/>
</testsuite> <!-- Default test -->
