<?xml version="1.0" encoding="UTF-8"?>
<testng-results ignored="0" total="3" passed="3" failed="0" skipped="0">
  <reporter-output>
  </reporter-output>
  <suite started-at="2022-05-06T20:09:25 IST" name="Default suite" finished-at="2022-05-06T20:09:25 IST" duration-ms="47">
    <groups>
    </groups>
    <test started-at="2022-05-06T20:09:25 IST" name="Default test" finished-at="2022-05-06T20:09:25 IST" duration-ms="47">
      <class name="com.sgtesting.products.products">
        <test-method is-config="true" signature="setUp()[pri:0, instance:com.sgtesting.products.products@be35cd9]" started-at="2022-05-06T20:09:25 IST" name="setUp" finished-at="2022-05-06T20:09:25 IST" duration-ms="5" status="PASS">
          <reporter-output>
          </reporter-output>
        </test-method> <!-- setUp -->
        <test-method signature="createProduct()[pri:0, instance:com.sgtesting.products.products@be35cd9]" started-at="2022-05-06T20:09:25 IST" name="createProduct" finished-at="2022-05-06T20:09:25 IST" duration-ms="5" status="PASS">
          <reporter-output>
          </reporter-output>
        </test-method> <!-- createProduct -->
        <test-method signature="deleteProduct()[pri:0, instance:com.sgtesting.products.products@be35cd9]" started-at="2022-05-06T20:09:25 IST" name="deleteProduct" finished-at="2022-05-06T20:09:25 IST" duration-ms="1" status="PASS">
          <reporter-output>
          </reporter-output>
        </test-method> <!-- deleteProduct -->
        <test-method signature="modifyProduct()[pri:0, instance:com.sgtesting.products.products@be35cd9]" started-at="2022-05-06T20:09:25 IST" name="modifyProduct" finished-at="2022-05-06T20:09:25 IST" duration-ms="2" status="PASS">
          <reporter-output>
          </reporter-output>
        </test-method> <!-- modifyProduct -->
        <test-method is-config="true" signature="tearDown()[pri:0, instance:com.sgtesting.products.products@be35cd9]" started-at="2022-05-06T20:09:25 IST" name="tearDown" finished-at="2022-05-06T20:09:25 IST" duration-ms="2" status="PASS">
          <reporter-output>
          </reporter-output>
        </test-method> <!-- tearDown -->
      </class> <!-- com.sgtesting.products.products -->
    </test> <!-- Default test -->
  </suite> <!-- Default suite -->
</testng-results>
